github.com/maynagashev/gophkeeper/server/cmd/server/main.go:52:					main					0.0%
github.com/maynagashev/gophkeeper/server/cmd/server/main.go:148:				getDSNFromEnv				0.0%
github.com/maynagashev/gophkeeper/server/cmd/server/main.go:162:				getEnv					0.0%
github.com/maynagashev/gophkeeper/server/internal/handlers/auth.go:26:				NewAuthHandler				0.0%
github.com/maynagashev/gophkeeper/server/internal/handlers/auth.go:31:				Register				0.0%
github.com/maynagashev/gophkeeper/server/internal/handlers/auth.go:71:				Login					0.0%
github.com/maynagashev/gophkeeper/server/internal/handlers/vault_handler.go:21:			NewVaultHandler				100.0%
github.com/maynagashev/gophkeeper/server/internal/handlers/vault_handler.go:26:			GetMetadata				94.4%
github.com/maynagashev/gophkeeper/server/internal/handlers/vault_handler.go:59:			Upload					95.7%
github.com/maynagashev/gophkeeper/server/internal/handlers/vault_handler.go:102:		Download				88.9%
github.com/maynagashev/gophkeeper/server/internal/handlers/vault_handler.go:150:		ListVersions				91.3%
github.com/maynagashev/gophkeeper/server/internal/handlers/vault_handler.go:195:		Rollback				100.0%
github.com/maynagashev/gophkeeper/server/internal/middleware/auth.go:29:			Authenticator				0.0%
github.com/maynagashev/gophkeeper/server/internal/middleware/auth.go:86:			GetUserIDFromContext			0.0%
github.com/maynagashev/gophkeeper/server/internal/repository/db.go:20:				NewPostgresDB				0.0%
github.com/maynagashev/gophkeeper/server/internal/repository/user_repository.go:32:		NewPostgresUserRepository		0.0%
github.com/maynagashev/gophkeeper/server/internal/repository/user_repository.go:38:		CreateUser				0.0%
github.com/maynagashev/gophkeeper/server/internal/repository/user_repository.go:60:		GetUserByUsername			0.0%
github.com/maynagashev/gophkeeper/server/internal/repository/vault_repository.go:30:		NewPostgresVaultRepository		0.0%
github.com/maynagashev/gophkeeper/server/internal/repository/vault_repository.go:35:		GetVaultByUserID			0.0%
github.com/maynagashev/gophkeeper/server/internal/repository/vault_repository.go:55:		CreateVault				0.0%
github.com/maynagashev/gophkeeper/server/internal/repository/vault_repository.go:72:		UpdateVaultCurrentVersion		0.0%
github.com/maynagashev/gophkeeper/server/internal/repository/vault_repository.go:98:		GetVaultWithCurrentVersionByUserID	0.0%
github.com/maynagashev/gophkeeper/server/internal/repository/vault_version_repository.go:28:	NewPostgresVaultVersionRepository	0.0%
github.com/maynagashev/gophkeeper/server/internal/repository/vault_version_repository.go:33:	CreateVersion				0.0%
github.com/maynagashev/gophkeeper/server/internal/repository/vault_version_repository.go:61:	ListVersionsByVaultID			0.0%
github.com/maynagashev/gophkeeper/server/internal/repository/vault_version_repository.go:87:	GetVersionByID				0.0%
github.com/maynagashev/gophkeeper/server/internal/services/auth_service.go:43:			NewAuthService				0.0%
github.com/maynagashev/gophkeeper/server/internal/services/auth_service.go:48:			Register				0.0%
github.com/maynagashev/gophkeeper/server/internal/services/auth_service.go:79:			Login					0.0%
github.com/maynagashev/gophkeeper/server/internal/services/auth_service.go:113:			generateJWT				0.0%
github.com/maynagashev/gophkeeper/server/internal/services/vault_service.go:39:			NewVaultService				0.0%
github.com/maynagashev/gophkeeper/server/internal/services/vault_service.go:54:			GetVaultMetadata			0.0%
github.com/maynagashev/gophkeeper/server/internal/services/vault_service.go:79:			UploadVault				0.0%
github.com/maynagashev/gophkeeper/server/internal/services/vault_service.go:164:		findOrCreateVault			0.0%
github.com/maynagashev/gophkeeper/server/internal/services/vault_service.go:191:		DownloadVault				0.0%
github.com/maynagashev/gophkeeper/server/internal/services/vault_service.go:229:		ListVersions				0.0%
github.com/maynagashev/gophkeeper/server/internal/services/vault_service.go:256:		RollbackToVersion			0.0%
github.com/maynagashev/gophkeeper/server/internal/storage/minio_client.go:38:			NewMinioClient				0.0%
github.com/maynagashev/gophkeeper/server/internal/storage/minio_client.go:83:			UploadFile				0.0%
github.com/maynagashev/gophkeeper/server/internal/storage/minio_client.go:112:			DownloadFile				0.0%
total:												(statements)				19.2%
