make test-coverage
Генерация отчета о покрытии для клиента...
make[1]: Entering directory '/home/dev/src/maynagashev/gophkeeper/gophkeeper/client'
Запуск тестов с генерацией покрытия...
go test -coverprofile=logs/coverage.out ./...
	github.com/maynagashev/gophkeeper/client/cmd/gophkeeper		coverage: 0.0% of statements
ok  	github.com/maynagashev/gophkeeper/client/internal/api	0.021s	coverage: 26.6% of statements
ok  	github.com/maynagashev/gophkeeper/client/internal/kdbx	2.145s	coverage: 18.9% of statements
	github.com/maynagashev/gophkeeper/client/internal/tui		coverage: 0.0% of statements
go tool cover -html=logs/coverage.out -o logs/coverage.html
go tool cover -func=logs/coverage.out | tee logs/coverage.log
github.com/maynagashev/gophkeeper/client/cmd/gophkeeper/main.go:33:				setupLogging				0.0%
github.com/maynagashev/gophkeeper/client/cmd/gophkeeper/main.go:56:				main					0.0%
github.com/maynagashev/gophkeeper/client/internal/api/client.go:49:				NewHTTPClient				100.0%
github.com/maynagashev/gophkeeper/client/internal/api/client.go:57:				Register				0.0%
github.com/maynagashev/gophkeeper/client/internal/api/client.go:99:				Login					0.0%
github.com/maynagashev/gophkeeper/client/internal/api/client.go:152:				setAuthHeader				100.0%
github.com/maynagashev/gophkeeper/client/internal/api/client.go:161:				GetVaultMetadata			86.4%
github.com/maynagashev/gophkeeper/client/internal/api/client.go:205:				UploadVault				83.3%
github.com/maynagashev/gophkeeper/client/internal/api/client.go:252:				DownloadVault				0.0%
github.com/maynagashev/gophkeeper/client/internal/api/client.go:299:				ListVersions				0.0%
github.com/maynagashev/gophkeeper/client/internal/api/client.go:355:				RollbackToVersion			0.0%
github.com/maynagashev/gophkeeper/client/internal/api/client.go:404:				SetAuthToken				100.0%
github.com/maynagashev/gophkeeper/client/internal/kdbx/auth.go:21:				setCustomDataValue			0.0%
github.com/maynagashev/gophkeeper/client/internal/kdbx/auth.go:43:				removeCustomDataValue			0.0%
github.com/maynagashev/gophkeeper/client/internal/kdbx/auth.go:61:				SaveAuthData				0.0%
github.com/maynagashev/gophkeeper/client/internal/kdbx/auth.go:125:				LoadAuthData				0.0%
github.com/maynagashev/gophkeeper/client/internal/kdbx/kdbx.go:16:				OpenFile				92.3%
github.com/maynagashev/gophkeeper/client/internal/kdbx/kdbx.go:45:				GetAllEntries				100.0%
github.com/maynagashev/gophkeeper/client/internal/kdbx/kdbx.go:55:				collectEntries				100.0%
github.com/maynagashev/gophkeeper/client/internal/kdbx/kdbx.go:66:				CreateDatabase				100.0%
github.com/maynagashev/gophkeeper/client/internal/kdbx/kdbx.go:71:				SaveFile				0.0%
github.com/maynagashev/gophkeeper/client/internal/tui/commands.go:21:				openKdbxCmd				0.0%
github.com/maynagashev/gophkeeper/client/internal/tui/commands.go:32:				saveKdbxCmd				0.0%
github.com/maynagashev/gophkeeper/client/internal/tui/commands.go:43:				clearStatusCmd				0.0%
github.com/maynagashev/gophkeeper/client/internal/tui/commands.go:59:				Error					0.0%
github.com/maynagashev/gophkeeper/client/internal/tui/commands.go:64:				makeLoginCmd				0.0%
github.com/maynagashev/gophkeeper/client/internal/tui/commands.go:84:				Error					0.0%
github.com/maynagashev/gophkeeper/client/internal/tui/commands.go:89:				makeRegisterCmd				0.0%
github.com/maynagashev/gophkeeper/client/internal/tui/commands.go:108:				Error					0.0%
github.com/maynagashev/gophkeeper/client/internal/tui/commands.go:139:				startSyncCmd				0.0%
github.com/maynagashev/gophkeeper/client/internal/tui/commands.go:177:				fetchServerMetadataCmd			0.0%
github.com/maynagashev/gophkeeper/client/internal/tui/commands.go:206:				fetchLocalMetadataCmd			0.0%
github.com/maynagashev/gophkeeper/client/internal/tui/commands.go:229:				uploadVaultCmd				0.0%
github.com/maynagashev/gophkeeper/client/internal/tui/commands.go:288:				downloadVaultCmd			0.0%
github.com/maynagashev/gophkeeper/client/internal/tui/commands.go:323:				applyUIChangesToDB			0.0%
github.com/maynagashev/gophkeeper/client/internal/tui/initialization.go:36:			Title					0.0%
github.com/maynagashev/gophkeeper/client/internal/tui/initialization.go:45:			Description				0.0%
github.com/maynagashev/gophkeeper/client/internal/tui/initialization.go:71:			FilterValue				0.0%
github.com/maynagashev/gophkeeper/client/internal/tui/initialization.go:77:			initPasswordInput			0.0%
github.com/maynagashev/gophkeeper/client/internal/tui/initialization.go:88:			initEntryList				0.0%
github.com/maynagashev/gophkeeper/client/internal/tui/initialization.go:118:			initAttachmentDeleteList		0.0%
github.com/maynagashev/gophkeeper/client/internal/tui/initialization.go:129:			initAttachmentPathInput			0.0%
github.com/maynagashev/gophkeeper/client/internal/tui/initialization.go:138:			initNewKdbxPasswordInputs		0.0%
github.com/maynagashev/gophkeeper/client/internal/tui/initialization.go:155:			initSyncMenu				0.0%
github.com/maynagashev/gophkeeper/client/internal/tui/initialization.go:176:			initServerURLInput			0.0%
github.com/maynagashev/gophkeeper/client/internal/tui/initialization.go:185:			initLoginInputs				0.0%
github.com/maynagashev/gophkeeper/client/internal/tui/initialization.go:200:			initRegisterInputs			0.0%
github.com/maynagashev/gophkeeper/client/internal/tui/initialization.go:215:			initDocStyle				0.0%
github.com/maynagashev/gophkeeper/client/internal/tui/initialization.go:221:			initVersionList				0.0%
github.com/maynagashev/gophkeeper/client/internal/tui/initialization.go:246:			initModel				0.0%
github.com/maynagashev/gophkeeper/client/internal/tui/input_helpers.go:15:			handleCredentialsKeys			0.0%
github.com/maynagashev/gophkeeper/client/internal/tui/input_helpers.go:60:			handleCredentialsInput			0.0%
github.com/maynagashev/gophkeeper/client/internal/tui/model.go:41:				String					0.0%
github.com/maynagashev/gophkeeper/client/internal/tui/model.go:136:				Title					0.0%
github.com/maynagashev/gophkeeper/client/internal/tui/model.go:150:				Description				0.0%
github.com/maynagashev/gophkeeper/client/internal/tui/model.go:177:				FilterValue				0.0%
github.com/maynagashev/gophkeeper/client/internal/tui/screen_add.go:15:				prepareAddScreen			0.0%
github.com/maynagashev/gophkeeper/client/internal/tui/screen_add.go:57:				createEntryFromInputs			0.0%
github.com/maynagashev/gophkeeper/client/internal/tui/screen_add.go:106:			updateEntryAddScreen			0.0%
github.com/maynagashev/gophkeeper/client/internal/tui/screen_add.go:194:			updateFocus				0.0%
github.com/maynagashev/gophkeeper/client/internal/tui/screen_add.go:207:			viewEntryAddScreen			0.0%
github.com/maynagashev/gophkeeper/client/internal/tui/screen_attachment_delete.go:11:		updateAttachmentListDeleteScreen	0.0%
github.com/maynagashev/gophkeeper/client/internal/tui/screen_attachment_delete.go:71:		performAttachmentDelete			0.0%
github.com/maynagashev/gophkeeper/client/internal/tui/screen_attachment_delete.go:109:		viewAttachmentListDeleteScreen		0.0%
github.com/maynagashev/gophkeeper/client/internal/tui/screen_attachment_input.go:15:		updateAttachmentPathInputScreen		0.0%
github.com/maynagashev/gophkeeper/client/internal/tui/screen_attachment_input.go:44:		handleAttachmentPathConfirm		0.0%
github.com/maynagashev/gophkeeper/client/internal/tui/screen_attachment_input.go:99:		viewAttachmentPathInputScreen		0.0%
github.com/maynagashev/gophkeeper/client/internal/tui/screen_credentials.go:11:			viewCredentialsScreen			0.0%
github.com/maynagashev/gophkeeper/client/internal/tui/screen_detail.go:17:			updateEntryDetailScreen			0.0%
github.com/maynagashev/gophkeeper/client/internal/tui/screen_detail.go:40:			renderStandardFields			0.0%
github.com/maynagashev/gophkeeper/client/internal/tui/screen_detail.go:69:			maskCardNumber				0.0%
github.com/maynagashev/gophkeeper/client/internal/tui/screen_detail.go:78:			renderCustomFields			0.0%
github.com/maynagashev/gophkeeper/client/internal/tui/screen_detail.go:93:			getBinariesFromDB			0.0%
github.com/maynagashev/gophkeeper/client/internal/tui/screen_detail.go:117:			renderAttachments			0.0%
github.com/maynagashev/gophkeeper/client/internal/tui/screen_detail.go:159:			viewEntryDetailScreen			0.0%
github.com/maynagashev/gophkeeper/client/internal/tui/screen_edit.go:27:			Title					0.0%
github.com/maynagashev/gophkeeper/client/internal/tui/screen_edit.go:28:			Description				0.0%
github.com/maynagashev/gophkeeper/client/internal/tui/screen_edit.go:29:			FilterValue				0.0%
github.com/maynagashev/gophkeeper/client/internal/tui/screen_edit.go:32:			prepareEditScreen			0.0%
github.com/maynagashev/gophkeeper/client/internal/tui/screen_edit.go:82:			updateEntryEditScreen			0.0%
github.com/maynagashev/gophkeeper/client/internal/tui/screen_edit.go:98:			handleEditScreenKeys			0.0%
github.com/maynagashev/gophkeeper/client/internal/tui/screen_edit.go:180:			handleAttachmentDeleteAction		0.0%
github.com/maynagashev/gophkeeper/client/internal/tui/screen_edit.go:197:			saveEntryChanges			0.0%
github.com/maynagashev/gophkeeper/client/internal/tui/screen_edit.go:232:			viewEntryEditScreen			0.0%
github.com/maynagashev/gophkeeper/client/internal/tui/screen_list.go:21:			updateEntryListScreen			0.0%
github.com/maynagashev/gophkeeper/client/internal/tui/screen_list.go:75:			_handleAuthLoadError			0.0%
github.com/maynagashev/gophkeeper/client/internal/tui/screen_list.go:86:			_handleAuthLoadSuccess			0.0%
github.com/maynagashev/gophkeeper/client/internal/tui/screen_list.go:113:			handleDBOpenedMsg			0.0%
github.com/maynagashev/gophkeeper/client/internal/tui/screen_login.go:8:			updateLoginScreen			0.0%
github.com/maynagashev/gophkeeper/client/internal/tui/screen_login.go:30:			viewLoginScreen				0.0%
github.com/maynagashev/gophkeeper/client/internal/tui/screen_login_register_choice.go:12:	updateLoginRegisterChoiceScreen		0.0%
github.com/maynagashev/gophkeeper/client/internal/tui/screen_login_register_choice.go:35:	viewLoginRegisterChoiceScreen		0.0%
github.com/maynagashev/gophkeeper/client/internal/tui/screen_new_kdbx.go:25:			updateNewKdbxPasswordScreen		0.0%
github.com/maynagashev/gophkeeper/client/internal/tui/screen_new_kdbx.go:180:			viewNewKdbxPasswordScreen		0.0%
github.com/maynagashev/gophkeeper/client/internal/tui/screen_password.go:12:			updatePasswordInputScreen		0.0%
github.com/maynagashev/gophkeeper/client/internal/tui/screen_password.go:41:			viewPasswordInputScreen			0.0%
github.com/maynagashev/gophkeeper/client/internal/tui/screen_password.go:53:			handleErrorMsg				0.0%
github.com/maynagashev/gophkeeper/client/internal/tui/screen_register.go:8:			updateRegisterScreen			0.0%
github.com/maynagashev/gophkeeper/client/internal/tui/screen_register.go:29:			viewRegisterScreen			0.0%
github.com/maynagashev/gophkeeper/client/internal/tui/screen_server_url.go:11:			updateServerURLInputScreen		0.0%
github.com/maynagashev/gophkeeper/client/internal/tui/screen_sync.go:21:			Title					0.0%
github.com/maynagashev/gophkeeper/client/internal/tui/screen_sync.go:22:			Description				0.0%
github.com/maynagashev/gophkeeper/client/internal/tui/screen_sync.go:23:			FilterValue				0.0%
github.com/maynagashev/gophkeeper/client/internal/tui/screen_sync.go:28:			viewSyncServerScreen			0.0%
github.com/maynagashev/gophkeeper/client/internal/tui/screen_sync.go:47:			handleSyncMenuConfigureURL		0.0%
github.com/maynagashev/gophkeeper/client/internal/tui/screen_sync.go:59:			handleSyncMenuLoginRegister		0.0%
github.com/maynagashev/gophkeeper/client/internal/tui/screen_sync.go:72:			handleSyncMenuSyncNow			0.0%
github.com/maynagashev/gophkeeper/client/internal/tui/screen_sync.go:90:			handleSyncMenuViewVersions		0.0%
github.com/maynagashev/gophkeeper/client/internal/tui/screen_sync.go:101:			handleSyncMenuLogout			0.0%
github.com/maynagashev/gophkeeper/client/internal/tui/screen_sync.go:131:			updateSyncServerScreen			0.0%
github.com/maynagashev/gophkeeper/client/internal/tui/screen_sync.go:156:			handleSyncMenuAction			0.0%
github.com/maynagashev/gophkeeper/client/internal/tui/screen_version.go:47:			loadVersionsCmd				0.0%
github.com/maynagashev/gophkeeper/client/internal/tui/screen_version.go:76:			rollbackToVersionCmd			0.0%
github.com/maynagashev/gophkeeper/client/internal/tui/screen_version.go:101:			handleVersionRollbackConfirm		0.0%
github.com/maynagashev/gophkeeper/client/internal/tui/screen_version.go:122:			handleVersionRollbackError		0.0%
github.com/maynagashev/gophkeeper/client/internal/tui/screen_version.go:132:			handleVersionListKeys			0.0%
github.com/maynagashev/gophkeeper/client/internal/tui/screen_version.go:164:			viewVersionListScreen			0.0%
github.com/maynagashev/gophkeeper/client/internal/tui/screen_version.go:195:			updateVersionListScreen			0.0%
github.com/maynagashev/gophkeeper/client/internal/tui/screen_version.go:227:			handleVersionsLoadedMsg			0.0%
github.com/maynagashev/gophkeeper/client/internal/tui/screen_version.go:256:			handleVersionsLoadErrorMsg		0.0%
github.com/maynagashev/gophkeeper/client/internal/tui/screen_version.go:273:			handleRollbackSuccessMsg		0.0%
github.com/maynagashev/gophkeeper/client/internal/tui/screen_version.go:283:			handleRollbackErrorMsg			0.0%
github.com/maynagashev/gophkeeper/client/internal/tui/screen_version.go:297:			formatTime				0.0%
github.com/maynagashev/gophkeeper/client/internal/tui/screen_welcome.go:9:			updateWelcomeScreen			0.0%
github.com/maynagashev/gophkeeper/client/internal/tui/screen_welcome.go:25:			viewWelcomeScreen			0.0%
github.com/maynagashev/gophkeeper/client/internal/tui/tui.go:27:				Init					0.0%
github.com/maynagashev/gophkeeper/client/internal/tui/tui.go:32:				setStatusMessage			0.0%
github.com/maynagashev/gophkeeper/client/internal/tui/tui.go:48:				getMainContentView			0.0%
github.com/maynagashev/gophkeeper/client/internal/tui/tui.go:86:				getContentAndHelp			0.0%
github.com/maynagashev/gophkeeper/client/internal/tui/tui.go:97:				getDBModTimeString			0.0%
github.com/maynagashev/gophkeeper/client/internal/tui/tui.go:113:				getDBDebugInfo				0.0%
github.com/maynagashev/gophkeeper/client/internal/tui/tui.go:129:				getDebugInfoString			0.0%
github.com/maynagashev/gophkeeper/client/internal/tui/tui.go:144:				View					0.0%
github.com/maynagashev/gophkeeper/client/internal/tui/tui.go:180:				Start					0.0%
github.com/maynagashev/gophkeeper/client/internal/tui/tui.go:262:				viewServerURLInputScreen		0.0%
github.com/maynagashev/gophkeeper/client/internal/tui/update.go:17:				handleWindowSizeMsg			0.0%
github.com/maynagashev/gophkeeper/client/internal/tui/update.go:42:				handleDBMsg				0.0%
github.com/maynagashev/gophkeeper/client/internal/tui/update.go:84:				handleDBOpenedMsg			0.0%
github.com/maynagashev/gophkeeper/client/internal/tui/update.go:88:				handleErrorMsg				0.0%
github.com/maynagashev/gophkeeper/client/internal/tui/update.go:92:				handleDBSavedMsg			0.0%
github.com/maynagashev/gophkeeper/client/internal/tui/update.go:98:				handleDBSaveErrorMsg			0.0%
github.com/maynagashev/gophkeeper/client/internal/tui/update.go:102:				handleClearStatusMsg			0.0%
github.com/maynagashev/gophkeeper/client/internal/tui/update.go:109:				handleSyncErrorMsg			0.0%
github.com/maynagashev/gophkeeper/client/internal/tui/update.go:124:				handleSyncStartedMsg			0.0%
github.com/maynagashev/gophkeeper/client/internal/tui/update.go:133:				handleServerMetadataMsg			0.0%
github.com/maynagashev/gophkeeper/client/internal/tui/update.go:148:				handleLocalMetadataMsg			0.0%
github.com/maynagashev/gophkeeper/client/internal/tui/update.go:163:				handleSyncUploadSuccessMsg		0.0%
github.com/maynagashev/gophkeeper/client/internal/tui/update.go:170:				handleSyncDownloadSuccessMsg		0.0%
github.com/maynagashev/gophkeeper/client/internal/tui/update.go:180:				processMetadataResults			0.0%
github.com/maynagashev/gophkeeper/client/internal/tui/update.go:253:				handleVersionMsg			0.0%
github.com/maynagashev/gophkeeper/client/internal/tui/update.go:273:				handleAPIMsg				0.0%
github.com/maynagashev/gophkeeper/client/internal/tui/update.go:342:				canSave					0.0%
github.com/maynagashev/gophkeeper/client/internal/tui/update.go:347:				updateDBFromList			0.0%
github.com/maynagashev/gophkeeper/client/internal/tui/update.go:373:				updateRootModTime			0.0%
github.com/maynagashev/gophkeeper/client/internal/tui/update.go:393:				handleSaveKeyPress			0.0%
github.com/maynagashev/gophkeeper/client/internal/tui/update.go:413:				handleGlobalKeys			0.0%
github.com/maynagashev/gophkeeper/client/internal/tui/update.go:431:				Update					0.0%
github.com/maynagashev/gophkeeper/client/internal/tui/utils.go:8:				deepCopyEntry				0.0%
github.com/maynagashev/gophkeeper/client/internal/tui/utils.go:45:				findEntryInDB				0.0%
github.com/maynagashev/gophkeeper/client/internal/tui/utils.go:53:				findEntryInGroups			0.0%
total:												(statements)				3.5%
make[1]: Leaving directory '/home/dev/src/maynagashev/gophkeeper/gophkeeper/client'
Генерация отчета о покрытии для сервера...
make[1]: Entering directory '/home/dev/src/maynagashev/gophkeeper/gophkeeper/server'
Запуск тестов с генерацией покрытия...
go test -coverprofile=logs/coverage.out ./...
	github.com/maynagashev/gophkeeper/server/cmd/server		coverage: 0.0% of statements
ok  	github.com/maynagashev/gophkeeper/server/internal/handlers	0.018s	coverage: 69.1% of statements
	github.com/maynagashev/gophkeeper/server/internal/middleware		coverage: 0.0% of statements
	github.com/maynagashev/gophkeeper/server/internal/repository		coverage: 0.0% of statements
ok  	github.com/maynagashev/gophkeeper/server/internal/services	0.018s	coverage: 41.6% of statements
	github.com/maynagashev/gophkeeper/server/internal/storage		coverage: 0.0% of statements
go tool cover -html=logs/coverage.out -o logs/coverage.html
go tool cover -func=logs/coverage.out | tee logs/coverage.log
github.com/maynagashev/gophkeeper/server/cmd/server/flags.go:30:				parseFlags				0.0%
github.com/maynagashev/gophkeeper/server/cmd/server/main.go:48:					main					0.0%
github.com/maynagashev/gophkeeper/server/cmd/server/main.go:56:					run					0.0%
github.com/maynagashev/gophkeeper/server/cmd/server/main.go:106:				setupDependencies			0.0%
github.com/maynagashev/gophkeeper/server/cmd/server/main.go:154:				setupRouter				0.0%
github.com/maynagashev/gophkeeper/server/cmd/server/main.go:193:				getEnv					0.0%
github.com/maynagashev/gophkeeper/server/internal/handlers/auth.go:26:				NewAuthHandler				0.0%
github.com/maynagashev/gophkeeper/server/internal/handlers/auth.go:31:				Register				0.0%
github.com/maynagashev/gophkeeper/server/internal/handlers/auth.go:71:				Login					0.0%
github.com/maynagashev/gophkeeper/server/internal/handlers/vault_handler.go:23:			NewVaultHandler				100.0%
github.com/maynagashev/gophkeeper/server/internal/handlers/vault_handler.go:28:			GetMetadata				94.4%
github.com/maynagashev/gophkeeper/server/internal/handlers/vault_handler.go:61:			Upload					89.2%
github.com/maynagashev/gophkeeper/server/internal/handlers/vault_handler.go:130:		Download				88.9%
github.com/maynagashev/gophkeeper/server/internal/handlers/vault_handler.go:178:		ListVersions				90.6%
github.com/maynagashev/gophkeeper/server/internal/handlers/vault_handler.go:247:		Rollback				100.0%
github.com/maynagashev/gophkeeper/server/internal/middleware/auth.go:29:			Authenticator				0.0%
github.com/maynagashev/gophkeeper/server/internal/middleware/auth.go:86:			GetUserIDFromContext			0.0%
github.com/maynagashev/gophkeeper/server/internal/repository/db.go:20:				NewPostgresDB				0.0%
github.com/maynagashev/gophkeeper/server/internal/repository/user_repository.go:32:		NewPostgresUserRepository		0.0%
github.com/maynagashev/gophkeeper/server/internal/repository/user_repository.go:38:		CreateUser				0.0%
github.com/maynagashev/gophkeeper/server/internal/repository/user_repository.go:60:		GetUserByUsername			0.0%
github.com/maynagashev/gophkeeper/server/internal/repository/vault_repository.go:30:		NewPostgresVaultRepository		0.0%
github.com/maynagashev/gophkeeper/server/internal/repository/vault_repository.go:35:		GetVaultByUserID			0.0%
github.com/maynagashev/gophkeeper/server/internal/repository/vault_repository.go:55:		CreateVault				0.0%
github.com/maynagashev/gophkeeper/server/internal/repository/vault_repository.go:72:		UpdateVaultCurrentVersion		0.0%
github.com/maynagashev/gophkeeper/server/internal/repository/vault_repository.go:98:		GetVaultWithCurrentVersionByUserID	0.0%
github.com/maynagashev/gophkeeper/server/internal/repository/vault_version_repository.go:28:	NewPostgresVaultVersionRepository	0.0%
github.com/maynagashev/gophkeeper/server/internal/repository/vault_version_repository.go:33:	CreateVersion				0.0%
github.com/maynagashev/gophkeeper/server/internal/repository/vault_version_repository.go:61:	ListVersionsByVaultID			0.0%
github.com/maynagashev/gophkeeper/server/internal/repository/vault_version_repository.go:87:	GetVersionByID				0.0%
github.com/maynagashev/gophkeeper/server/internal/services/auth_service.go:43:			NewAuthService				0.0%
github.com/maynagashev/gophkeeper/server/internal/services/auth_service.go:48:			Register				0.0%
github.com/maynagashev/gophkeeper/server/internal/services/auth_service.go:79:			Login					0.0%
github.com/maynagashev/gophkeeper/server/internal/services/auth_service.go:113:			generateJWT				0.0%
github.com/maynagashev/gophkeeper/server/internal/services/vault_service.go:40:			NewVaultService				100.0%
github.com/maynagashev/gophkeeper/server/internal/services/vault_service.go:55:			GetVaultMetadata			100.0%
github.com/maynagashev/gophkeeper/server/internal/services/vault_service.go:80:			UploadVault				73.3%
github.com/maynagashev/gophkeeper/server/internal/services/vault_service.go:147:		uploadFileToStorage			100.0%
github.com/maynagashev/gophkeeper/server/internal/services/vault_service.go:177:		shouldCreateNewVersion			100.0%
github.com/maynagashev/gophkeeper/server/internal/services/vault_service.go:218:		createNewVersion			76.0%
github.com/maynagashev/gophkeeper/server/internal/services/vault_service.go:273:		DownloadVault				0.0%
github.com/maynagashev/gophkeeper/server/internal/services/vault_service.go:311:		ListVersions				0.0%
github.com/maynagashev/gophkeeper/server/internal/services/vault_service.go:338:		RollbackToVersion			0.0%
github.com/maynagashev/gophkeeper/server/internal/storage/minio_client.go:38:			NewMinioClient				0.0%
github.com/maynagashev/gophkeeper/server/internal/storage/minio_client.go:83:			UploadFile				0.0%
github.com/maynagashev/gophkeeper/server/internal/storage/minio_client.go:112:			DownloadFile				0.0%
total:												(statements)				31.8%
make[1]: Leaving directory '/home/dev/src/maynagashev/gophkeeper/gophkeeper/server'
Проверка покрытия тестами завершена для всех модулей.