{"time":"2025-04-07T22:30:12.403850168+07:00","level":"INFO","msg":"Логгер инициализирован, запись в gophkeeper.log"}
{"time":"2025-04-07T22:31:11.455557571+07:00","level":"INFO","msg":"База KDBX успешно открыта","path":"example/test.kdbx"}
{"time":"2025-04-07T22:31:11.455713242+07:00","level":"DEBUG","msg":"Записи, полученные из KDBX","count":2}
{"time":"2025-04-07T22:31:11.455745794+07:00","level":"DEBUG","msg":"Элементы, подготовленные для списка","count":2}
{"time":"2025-04-07T22:31:11.456087638+07:00","level":"DEBUG","msg":"Элементы в списке после SetItems","count":2}
{"time":"2025-04-07T22:34:20.138298914+07:00","level":"INFO","msg":"Логгер инициализирован, запись в gophkeeper.log"}
{"time":"2025-04-07T22:34:24.975936057+07:00","level":"ERROR","msg":"Ошибка при работе с KDBX","error":"ошибка дешифрования файла 'example/test.kdbx': Wrong password? HMAC-SHA256 of header mismatching"}
{"time":"2025-04-07T22:34:31.977625966+07:00","level":"ERROR","msg":"Ошибка при работе с KDBX","error":"ошибка дешифрования файла 'example/test.kdbx': Wrong password? HMAC-SHA256 of header mismatching"}
{"time":"2025-04-07T22:34:35.535577016+07:00","level":"ERROR","msg":"Ошибка при работе с KDBX","error":"ошибка дешифрования файла 'example/test.kdbx': Wrong password? HMAC-SHA256 of header mismatching"}
{"time":"2025-04-07T22:34:40.258354925+07:00","level":"ERROR","msg":"Ошибка при работе с KDBX","error":"ошибка дешифрования файла 'example/test.kdbx': Wrong password? HMAC-SHA256 of header mismatching"}
{"time":"2025-04-07T22:34:46.544838406+07:00","level":"INFO","msg":"База KDBX успешно открыта","path":"example/test.kdbx"}
{"time":"2025-04-07T22:34:46.544986297+07:00","level":"DEBUG","msg":"Записи, полученные из KDBX","count":2}
{"time":"2025-04-07T22:34:46.545020204+07:00","level":"DEBUG","msg":"Элементы, подготовленные для списка","count":2}
{"time":"2025-04-07T22:34:46.545157106+07:00","level":"DEBUG","msg":"Элементы в списке после SetItems","count":2}
{"time":"2025-04-07T23:58:19.747530267+07:00","level":"INFO","msg":"Логгер инициализирован, запись в logs/gophkeeper.log"}
{"time":"2025-04-07T23:58:52.569643938+07:00","level":"INFO","msg":"База KDBX успешно открыта","path":"example/test.kdbx"}
{"time":"2025-04-07T23:58:52.569818417+07:00","level":"DEBUG","msg":"Записи, полученные из KDBX","count":2}
{"time":"2025-04-07T23:58:52.569855582+07:00","level":"DEBUG","msg":"Элементы, подготовленные для списка","count":2}
{"time":"2025-04-07T23:58:52.570051468+07:00","level":"DEBUG","msg":"Элементы в списке после SetItems","count":2}
{"time":"2025-04-07T23:58:57.224595634+07:00","level":"INFO","msg":"Переход к деталям записи","title":"mail@example.com"}
{"time":"2025-04-07T23:59:00.736444197+07:00","level":"INFO","msg":"Возврат к списку записей"}
{"time":"2025-04-08T00:49:00.373617403+07:00","level":"INFO","msg":"Логгер инициализирован, запись в logs/gophkeeper.log"}
{"time":"2025-04-08T00:49:05.292383108+07:00","level":"INFO","msg":"База KDBX успешно открыта","path":"example/test.kdbx"}
{"time":"2025-04-08T00:49:05.292547334+07:00","level":"DEBUG","msg":"Записи, полученные из KDBX","count":2}
{"time":"2025-04-08T00:49:05.292571325+07:00","level":"DEBUG","msg":"Элементы, подготовленные для списка","count":2}
{"time":"2025-04-08T00:49:05.292741506+07:00","level":"DEBUG","msg":"Элементы в списке после SetItems","count":2}
{"time":"2025-04-08T00:49:22.845524538+07:00","level":"INFO","msg":"Логгер инициализирован, запись в logs/gophkeeper.log"}
{"time":"2025-04-08T00:49:26.011670849+07:00","level":"INFO","msg":"База KDBX успешно открыта","path":"example/test.kdbx"}
{"time":"2025-04-08T00:49:26.011826114+07:00","level":"DEBUG","msg":"Записи, полученные из KDBX","count":2}
{"time":"2025-04-08T00:49:26.011853488+07:00","level":"DEBUG","msg":"Элементы, подготовленные для списка","count":2}
{"time":"2025-04-08T00:49:26.012044748+07:00","level":"DEBUG","msg":"Элементы в списке после SetItems","count":2}
{"time":"2025-04-08T00:49:29.809193602+07:00","level":"INFO","msg":"Переход к деталям записи","title":"test entry 2"}
{"time":"2025-04-08T00:49:34.889238292+07:00","level":"INFO","msg":"Возврат к списку записей"}
