[?25l[?1049h[2J[H[?25l[?2004h[HДобро пожаловать в GophKeeper!

Нажмите Enter для продолжения...
(Enter - продолжить, Ctrl+C/q - выход)[4;H[2J[H[HВведите мастер-пароль для gophkeeper.kdbx:
> Мастер-пароль        


(Enter - подтвердить, Ctrl+C - выход)[5;H[H
> *                    


[5;H[H
> **                   


[5;H[H
> ***                  


[5;H[H
> ****                 


[5;H[2J[H[H   Записи в 'gophkeeper.kdbx' (2)   
                                    
  2 items                           
                                    
│ Sample Entry                      
│                                   
                                    
  test                              
                                    
                                    
                                    
                                    
                                    
                                    
                                    
                                    
                                    
                                    
                                    
                                    
                                    
                                    
                                    
                                    (↑/↓ - навигация, Enter - детали, / - поиск, a - добавить, Ctrl+S - сохр., q - выход)[24;H[H



  Sample Entry                      
                                    

│ test                              
│                                   














[24;H[2J[H[HДетали записи: test

Title: test

(e - ред., Ctrl+S - сохр., Esc/b - назад)[J[5;H[H




Сохранение...[6;H[H




Сохранено успешно![6;H[H



[J[5;H[2J[H[H   Записи в 'gophkeeper.kdbx' (2)   
                                    
  2 items                           
                                    
  Sample Entry                      
                                    
                                    
│ test                              
│                                   
                                    
                                    
                                    
                                    
                                    
                                    
                                    
                                    
                                    
                                    
                                    
                                    
                                    
                                    
                                    (↑/↓ - навигация, Enter - детали, / - поиск, a - добавить, Ctrl+S - сохр., q - выход)[24;H[2K[?2004l[?25h[?1002l[?1003l[?1006l[?1049l[?25h