time=2025-04-17T02:46:19.476+07:00 level=INFO msg="Логгер инициализирован" path=logs/client.log
time=2025-04-17T02:46:19.477+07:00 level=INFO msg="Запуск GophKeeper" db_path=gophkeeper.kdbx source="по умолчанию"
time=2025-04-17T02:46:19.478+07:00 level=INFO msg="Эксклюзивная блокировка файла получена." lockPath=gophkeeper.kdbx.lock
time=2025-04-17T02:46:19.478+07:00 level=INFO msg="Файл KDBX найден, запуск стандартного TUI." path=gophkeeper.kdbx
time=2025-04-17T02:46:23.854+07:00 level=ERROR msg="Ошибка при работе с KDBX" error="ошибка дешифрования файла 'gophkeeper.kdbx': Wrong password? HMAC-SHA256 of header mismatching"
time=2025-04-17T02:46:26.176+07:00 level=ERROR msg="Ошибка при работе с KDBX" error="ошибка дешифрования файла 'gophkeeper.kdbx': Wrong password? HMAC-SHA256 of header mismatching"
time=2025-04-17T02:46:29.974+07:00 level=ERROR msg="Ошибка при работе с KDBX" error="ошибка дешифрования файла 'gophkeeper.kdbx': Wrong password? HMAC-SHA256 of header mismatching"
time=2025-04-17T02:46:44.161+07:00 level=INFO msg="Блокировка файла снята." lockPath=gophkeeper.kdbx.lock
time=2025-04-17T02:46:45.522+07:00 level=INFO msg="Логгер инициализирован" path=logs/client.log
time=2025-04-17T02:46:45.522+07:00 level=INFO msg="Запуск GophKeeper" db_path=gophkeeper.kdbx source="по умолчанию"
time=2025-04-17T02:46:45.523+07:00 level=INFO msg="Эксклюзивная блокировка файла получена." lockPath=gophkeeper.kdbx.lock
time=2025-04-17T02:46:45.524+07:00 level=INFO msg="Файл KDBX не найден, переходим к созданию нового." path=gophkeeper.kdbx
time=2025-04-17T02:46:49.239+07:00 level=INFO msg="Пароли совпадают, создаем новую базу KDBX" path=gophkeeper.kdbx
time=2025-04-17T02:46:49.243+07:00 level=INFO msg="Новый файл KDBX успешно создан и сохранен" path=gophkeeper.kdbx
time=2025-04-17T02:46:49.243+07:00 level=DEBUG msg="Записи, полученные из новой KDBX" count=1
time=2025-04-17T02:46:49.243+07:00 level=DEBUG msg="Элементы, подготовленные для списка" count=1
time=2025-04-17T02:46:54.971+07:00 level=INFO msg="Блокировка файла снята." lockPath=gophkeeper.kdbx.lock
time=2025-04-17T10:04:02.425+07:00 level=INFO msg="Логгер инициализирован" path=logs/client.log
time=2025-04-17T10:04:02.425+07:00 level=INFO msg="Запуск GophKeeper" db_path=gophkeeper.kdbx source="по умолчанию"
time=2025-04-17T10:04:02.426+07:00 level=INFO msg="API клиент инициализирован" baseURL=http://localhost:8080
time=2025-04-17T10:04:02.427+07:00 level=INFO msg="Эксклюзивная блокировка файла получена." lockPath=gophkeeper.kdbx.lock
time=2025-04-17T10:04:02.427+07:00 level=INFO msg="Файл KDBX не найден, переходим к созданию нового." path=gophkeeper.kdbx
time=2025-04-17T10:04:06.885+07:00 level=INFO msg="Пароли совпадают, создаем новую базу KDBX" path=gophkeeper.kdbx
time=2025-04-17T10:04:06.888+07:00 level=INFO msg="Новый файл KDBX успешно создан и сохранен" path=gophkeeper.kdbx
time=2025-04-17T10:04:06.888+07:00 level=DEBUG msg="Записи, полученные из новой KDBX" count=1
time=2025-04-17T10:04:06.888+07:00 level=DEBUG msg="Элементы, подготовленные для списка" count=1
time=2025-04-17T12:34:01.233+07:00 level=INFO msg="Блокировка файла снята." lockPath=gophkeeper.kdbx.lock
time=2025-04-17T12:34:03.425+07:00 level=INFO msg="Логгер инициализирован" path=logs/client.log
time=2025-04-17T12:34:03.425+07:00 level=INFO msg="Запуск GophKeeper" db_path=gophkeeper.kdbx source="по умолчанию"
time=2025-04-17T12:34:03.426+07:00 level=INFO msg="API клиент инициализирован" baseURL=http://localhost:8080
time=2025-04-17T12:34:03.426+07:00 level=INFO msg="Эксклюзивная блокировка файла получена." lockPath=gophkeeper.kdbx.lock
time=2025-04-17T12:34:03.426+07:00 level=INFO msg="Файл KDBX найден, запуск стандартного TUI." path=gophkeeper.kdbx
time=2025-04-17T12:34:05.902+07:00 level=INFO msg="База KDBX успешно открыта" path=gophkeeper.kdbx
time=2025-04-17T12:34:05.903+07:00 level=DEBUG msg="Записи, полученные из KDBX" count=1
time=2025-04-17T12:34:05.903+07:00 level=DEBUG msg="Элементы, подготовленные для списка" count=1
time=2025-04-17T12:34:05.903+07:00 level=DEBUG msg="Элементы в списке после SetItems" count=1
time=2025-04-17T12:34:32.859+07:00 level=INFO msg="Блокировка файла снята." lockPath=gophkeeper.kdbx.lock
time=2025-04-19T00:07:35.105+07:00 level=INFO msg="Логгер инициализирован" path=logs/client.log
time=2025-04-19T00:07:35.105+07:00 level=INFO msg="Запуск GophKeeper" db_path=gophkeeper.kdbx source="по умолчанию"
time=2025-04-19T00:07:35.106+07:00 level=INFO msg="API клиент инициализирован" baseURL=http://localhost:8080
time=2025-04-19T00:07:35.106+07:00 level=INFO msg="Эксклюзивная блокировка файла получена." lockPath=gophkeeper.kdbx.lock
time=2025-04-19T00:07:35.106+07:00 level=INFO msg="Файл KDBX найден, запуск стандартного TUI." path=gophkeeper.kdbx
time=2025-04-19T00:07:37.651+07:00 level=INFO msg="База KDBX успешно открыта" path=gophkeeper.kdbx
time=2025-04-19T00:07:37.651+07:00 level=DEBUG msg="Записи, полученные из KDBX" count=1
time=2025-04-19T00:07:37.651+07:00 level=DEBUG msg="Элементы, подготовленные для списка" count=1
time=2025-04-19T00:07:37.651+07:00 level=DEBUG msg="Элементы в списке после SetItems" count=1
time=2025-04-19T00:07:39.173+07:00 level=INFO msg="Блокировка файла снята." lockPath=gophkeeper.kdbx.lock
time=2025-04-19T12:13:45.725+07:00 level=INFO msg="Логгер инициализирован" path=logs/client.log
time=2025-04-19T12:13:45.725+07:00 level=INFO msg="Запуск GophKeeper" db_path=gophkeeper.kdbx source="по умолчанию"
time=2025-04-19T12:13:45.727+07:00 level=INFO msg="API клиент инициализирован" baseURL=http://localhost:8080
time=2025-04-19T12:13:45.727+07:00 level=INFO msg="Эксклюзивная блокировка файла получена." lockPath=gophkeeper.kdbx.lock
time=2025-04-19T12:13:45.727+07:00 level=INFO msg="Файл KDBX найден, запуск стандартного TUI." path=gophkeeper.kdbx
time=2025-04-19T12:13:48.418+07:00 level=INFO msg="База KDBX успешно открыта" path=gophkeeper.kdbx
time=2025-04-19T12:13:48.418+07:00 level=DEBUG msg="Записи, полученные из KDBX" count=1
time=2025-04-19T12:13:48.418+07:00 level=DEBUG msg="Элементы, подготовленные для списка" count=1
time=2025-04-19T12:13:48.418+07:00 level=DEBUG msg="Элементы в списке после SetItems" count=1
time=2025-04-19T12:17:15.366+07:00 level=INFO msg="Блокировка файла снята." lockPath=gophkeeper.kdbx.lock
time=2025-04-19T12:18:23.699+07:00 level=INFO msg="Логгер инициализирован" path=logs/client.log
time=2025-04-19T12:18:23.699+07:00 level=INFO msg="Запуск GophKeeper" db_path=gophkeeper.kdbx source="по умолчанию"
time=2025-04-19T12:18:23.700+07:00 level=INFO msg="API клиент инициализирован" baseURL=http://localhost:8080
time=2025-04-19T12:18:23.700+07:00 level=INFO msg="Эксклюзивная блокировка файла получена." lockPath=gophkeeper.kdbx.lock
time=2025-04-19T12:18:23.700+07:00 level=INFO msg="Файл KDBX найден, запуск стандартного TUI." path=gophkeeper.kdbx
time=2025-04-19T12:18:26.824+07:00 level=INFO msg="База KDBX успешно открыта" path=gophkeeper.kdbx
time=2025-04-19T12:18:26.824+07:00 level=DEBUG msg="Записи, полученные из KDBX" count=1
time=2025-04-19T12:18:26.824+07:00 level=DEBUG msg="Элементы, подготовленные для списка" count=1
time=2025-04-19T12:18:26.824+07:00 level=DEBUG msg="Элементы в списке после SetItems" count=1
time=2025-04-19T12:18:29.826+07:00 level=INFO msg="Переход к деталям записи" title="Sample Entry"
time=2025-04-19T12:18:32.967+07:00 level=INFO msg="Возврат к списку записей"
time=2025-04-19T12:20:52.478+07:00 level=INFO msg="Блокировка файла снята." lockPath=gophkeeper.kdbx.lock
time=2025-04-19T12:23:37.015+07:00 level=INFO msg="Логгер инициализирован" path=logs/client.log
time=2025-04-19T12:23:37.015+07:00 level=INFO msg="Запуск GophKeeper" db_path=gophkeeper.kdbx source="по умолчанию"
time=2025-04-19T12:23:37.016+07:00 level=INFO msg="API клиент инициализирован" baseURL=http://localhost:8080
time=2025-04-19T12:23:37.016+07:00 level=INFO msg="Эксклюзивная блокировка файла получена." lockPath=gophkeeper.kdbx.lock
time=2025-04-19T12:23:37.016+07:00 level=INFO msg="Файл KDBX найден, запуск стандартного TUI." path=gophkeeper.kdbx
time=2025-04-19T12:23:39.503+07:00 level=INFO msg="База KDBX успешно открыта" path=gophkeeper.kdbx
time=2025-04-19T12:23:39.503+07:00 level=DEBUG msg="Записи, полученные из KDBX" count=1
time=2025-04-19T12:23:39.503+07:00 level=DEBUG msg="Элементы, подготовленные для списка" count=1
time=2025-04-19T12:23:39.503+07:00 level=DEBUG msg="Элементы в списке после SetItems" count=1
time=2025-04-19T12:25:47.479+07:00 level=INFO msg="Блокировка файла снята." lockPath=gophkeeper.kdbx.lock
time=2025-04-19T12:35:26.736+07:00 level=INFO msg="Логгер инициализирован" path=logs/client.log
time=2025-04-19T12:35:26.736+07:00 level=INFO msg="Запуск GophKeeper" db_path=gophkeeper.kdbx source="по умолчанию"
time=2025-04-19T12:35:26.737+07:00 level=INFO msg="API клиент инициализирован" baseURL=http://localhost:8080
time=2025-04-19T12:35:26.737+07:00 level=INFO msg="Эксклюзивная блокировка файла получена." lockPath=gophkeeper.kdbx.lock
time=2025-04-19T12:35:26.737+07:00 level=INFO msg="Файл KDBX найден, запуск стандартного TUI." path=gophkeeper.kdbx
time=2025-04-19T12:35:28.696+07:00 level=INFO msg="База KDBX успешно открыта" path=gophkeeper.kdbx
time=2025-04-19T12:35:28.696+07:00 level=DEBUG msg="Записи, полученные из KDBX" count=1
time=2025-04-19T12:35:28.696+07:00 level=DEBUG msg="Элементы, подготовленные для списка" count=1
time=2025-04-19T12:35:28.697+07:00 level=DEBUG msg="Элементы в списке после SetItems" count=1
time=2025-04-19T12:54:58.226+07:00 level=INFO msg="Блокировка файла снята." lockPath=gophkeeper.kdbx.lock
time=2025-04-19T12:55:00.140+07:00 level=INFO msg="Логгер инициализирован" path=logs/client.log
time=2025-04-19T12:55:00.140+07:00 level=INFO msg="Запуск GophKeeper" db_path=gophkeeper.kdbx source="по умолчанию"
time=2025-04-19T12:55:00.141+07:00 level=INFO msg="API клиент инициализирован" baseURL=http://localhost:8080
time=2025-04-19T12:55:00.141+07:00 level=INFO msg="Эксклюзивная блокировка файла получена." lockPath=gophkeeper.kdbx.lock
time=2025-04-19T12:55:00.141+07:00 level=INFO msg="Файл KDBX найден, запуск стандартного TUI." path=gophkeeper.kdbx
time=2025-04-19T12:55:03.108+07:00 level=INFO msg="База KDBX успешно открыта" path=gophkeeper.kdbx
time=2025-04-19T12:55:03.109+07:00 level=DEBUG msg="Записи, полученные из KDBX" count=1
time=2025-04-19T12:55:03.109+07:00 level=DEBUG msg="Элементы, подготовленные для списка" count=1
time=2025-04-19T12:55:03.109+07:00 level=DEBUG msg="Элементы в списке после SetItems" count=1
time=2025-04-19T12:57:14.702+07:00 level=INFO msg="Блокировка файла снята." lockPath=gophkeeper.kdbx.lock
time=2025-04-19T12:57:16.913+07:00 level=INFO msg="Логгер инициализирован" path=logs/client.log
time=2025-04-19T12:57:16.913+07:00 level=INFO msg="Запуск GophKeeper" db_path=gophkeeper.kdbx source="по умолчанию"
time=2025-04-19T12:57:16.914+07:00 level=INFO msg="API клиент инициализирован" baseURL=http://localhost:8080
time=2025-04-19T12:57:16.914+07:00 level=INFO msg="Эксклюзивная блокировка файла получена." lockPath=gophkeeper.kdbx.lock
time=2025-04-19T12:57:16.914+07:00 level=INFO msg="Файл KDBX найден, запуск стандартного TUI." path=gophkeeper.kdbx
time=2025-04-19T12:57:25.912+07:00 level=INFO msg="База KDBX успешно открыта" path=gophkeeper.kdbx
time=2025-04-19T12:57:25.912+07:00 level=DEBUG msg="Записи, полученные из KDBX" count=1
time=2025-04-19T12:57:25.913+07:00 level=DEBUG msg="Элементы, подготовленные для списка" count=1
time=2025-04-19T12:57:25.913+07:00 level=DEBUG msg="Элементы в списке после SetItems" count=1
time=2025-04-19T12:57:28.153+07:00 level=INFO msg="Переход к деталям записи" title="Sample Entry"
time=2025-04-19T12:57:29.825+07:00 level=INFO msg="Возврат к списку записей"
time=2025-04-19T12:59:42.623+07:00 level=INFO msg="Блокировка файла снята." lockPath=gophkeeper.kdbx.lock
time=2025-04-19T12:59:44.238+07:00 level=INFO msg="Логгер инициализирован" path=logs/client.log
time=2025-04-19T12:59:44.238+07:00 level=INFO msg="Запуск GophKeeper" db_path=gophkeeper.kdbx source="по умолчанию"
time=2025-04-19T12:59:44.239+07:00 level=INFO msg="API клиент инициализирован" baseURL=http://localhost:8080
time=2025-04-19T12:59:44.239+07:00 level=INFO msg="Эксклюзивная блокировка файла получена." lockPath=gophkeeper.kdbx.lock
time=2025-04-19T12:59:44.239+07:00 level=INFO msg="Файл KDBX найден, запуск стандартного TUI." path=gophkeeper.kdbx
time=2025-04-19T12:59:46.358+07:00 level=INFO msg="База KDBX успешно открыта" path=gophkeeper.kdbx
time=2025-04-19T12:59:46.358+07:00 level=DEBUG msg="Записи, полученные из KDBX" count=1
time=2025-04-19T12:59:46.358+07:00 level=DEBUG msg="Элементы, подготовленные для списка" count=1
time=2025-04-19T12:59:46.358+07:00 level=DEBUG msg="Элементы в списке после SetItems" count=1
time=2025-04-19T13:07:01.049+07:00 level=INFO msg="Блокировка файла снята." lockPath=gophkeeper.kdbx.lock
time=2025-04-19T13:07:02.966+07:00 level=INFO msg="Логгер инициализирован" path=logs/client.log
time=2025-04-19T13:07:02.966+07:00 level=INFO msg="Запуск GophKeeper" db_path=gophkeeper.kdbx source="по умолчанию"
time=2025-04-19T13:07:02.967+07:00 level=INFO msg="API клиент инициализирован" baseURL=http://localhost:8080
time=2025-04-19T13:07:02.967+07:00 level=INFO msg="Эксклюзивная блокировка файла получена." lockPath=gophkeeper.kdbx.lock
time=2025-04-19T13:07:02.967+07:00 level=INFO msg="Файл KDBX найден, запуск стандартного TUI." path=gophkeeper.kdbx
time=2025-04-19T13:07:04.722+07:00 level=INFO msg="База KDBX успешно открыта" path=gophkeeper.kdbx
time=2025-04-19T13:07:04.722+07:00 level=DEBUG msg="Записи, полученные из KDBX" count=1
time=2025-04-19T13:07:04.722+07:00 level=DEBUG msg="Элементы, подготовленные для списка" count=1
time=2025-04-19T13:07:04.722+07:00 level=DEBUG msg="Элементы в списке после SetItems" count=1
time=2025-04-19T13:13:19.714+07:00 level=INFO msg="Блокировка файла снята." lockPath=gophkeeper.kdbx.lock
time=2025-04-19T13:13:20.997+07:00 level=INFO msg="Логгер инициализирован" path=logs/client.log
time=2025-04-19T13:13:20.997+07:00 level=INFO msg="Запуск GophKeeper" db_path=gophkeeper.kdbx source="по умолчанию"
time=2025-04-19T13:13:20.998+07:00 level=INFO msg="API клиент инициализирован" baseURL=http://localhost:8080
time=2025-04-19T13:13:20.998+07:00 level=INFO msg="Эксклюзивная блокировка файла получена." lockPath=gophkeeper.kdbx.lock
time=2025-04-19T13:13:20.998+07:00 level=INFO msg="Файл KDBX найден, запуск стандартного TUI." path=gophkeeper.kdbx
time=2025-04-19T13:13:31.522+07:00 level=INFO msg="База KDBX успешно открыта" path=gophkeeper.kdbx
time=2025-04-19T13:13:31.522+07:00 level=DEBUG msg="Записи, полученные из KDBX" count=1
time=2025-04-19T13:13:31.522+07:00 level=DEBUG msg="Элементы, подготовленные для списка" count=1
time=2025-04-19T13:13:31.522+07:00 level=DEBUG msg="Элементы в списке после SetItems" count=1
time=2025-04-19T13:13:47.580+07:00 level=INFO msg="Блокировка файла снята." lockPath=gophkeeper.kdbx.lock
time=2025-04-19T13:13:49.129+07:00 level=INFO msg="Логгер инициализирован" path=logs/client.log
time=2025-04-19T13:13:49.129+07:00 level=INFO msg="Запуск GophKeeper" db_path=gophkeeper.kdbx source="по умолчанию"
time=2025-04-19T13:13:49.130+07:00 level=INFO msg="API клиент инициализирован" baseURL=http://localhost:8080
time=2025-04-19T13:13:49.130+07:00 level=INFO msg="Эксклюзивная блокировка файла получена." lockPath=gophkeeper.kdbx.lock
time=2025-04-19T13:13:49.130+07:00 level=INFO msg="Файл KDBX найден, запуск стандартного TUI." path=gophkeeper.kdbx
time=2025-04-19T13:14:11.371+07:00 level=INFO msg="Блокировка файла снята." lockPath=gophkeeper.kdbx.lock
time=2025-04-19T13:14:13.139+07:00 level=INFO msg="Логгер инициализирован" path=logs/client.log
time=2025-04-19T13:14:13.139+07:00 level=INFO msg="Запуск GophKeeper" db_path=gophkeeper.kdbx source="по умолчанию"
time=2025-04-19T13:14:13.140+07:00 level=INFO msg="API клиент инициализирован" baseURL=http://localhost:8080
time=2025-04-19T13:14:13.140+07:00 level=INFO msg="Эксклюзивная блокировка файла получена." lockPath=gophkeeper.kdbx.lock
time=2025-04-19T13:14:13.140+07:00 level=INFO msg="Файл KDBX найден, запуск стандартного TUI." path=gophkeeper.kdbx
time=2025-04-19T13:14:36.401+07:00 level=INFO msg="Блокировка файла снята." lockPath=gophkeeper.kdbx.lock
time=2025-04-19T13:14:37.918+07:00 level=INFO msg="Логгер инициализирован" path=logs/client.log
time=2025-04-19T13:14:37.918+07:00 level=INFO msg="Запуск GophKeeper" db_path=gophkeeper.kdbx source="по умолчанию"
time=2025-04-19T13:14:37.919+07:00 level=INFO msg="API клиент инициализирован" baseURL=http://localhost:8080
time=2025-04-19T13:14:37.919+07:00 level=INFO msg="Эксклюзивная блокировка файла получена." lockPath=gophkeeper.kdbx.lock
time=2025-04-19T13:14:37.919+07:00 level=INFO msg="Файл KDBX найден, запуск стандартного TUI." path=gophkeeper.kdbx
time=2025-04-19T13:14:51.161+07:00 level=INFO msg="Блокировка файла снята." lockPath=gophkeeper.kdbx.lock
time=2025-04-19T13:14:52.496+07:00 level=INFO msg="Логгер инициализирован" path=logs/client.log
time=2025-04-19T13:14:52.496+07:00 level=INFO msg="Запуск GophKeeper" db_path=gophkeeper.kdbx source="по умолчанию"
time=2025-04-19T13:14:52.497+07:00 level=INFO msg="API клиент инициализирован" baseURL=http://localhost:8080
time=2025-04-19T13:14:52.497+07:00 level=INFO msg="Эксклюзивная блокировка файла получена." lockPath=gophkeeper.kdbx.lock
time=2025-04-19T13:14:52.497+07:00 level=INFO msg="Файл KDBX найден, запуск стандартного TUI." path=gophkeeper.kdbx
time=2025-04-19T13:15:16.273+07:00 level=INFO msg="Блокировка файла снята." lockPath=gophkeeper.kdbx.lock
time=2025-04-19T13:15:17.863+07:00 level=INFO msg="Логгер инициализирован" path=logs/client.log
time=2025-04-19T13:15:17.863+07:00 level=INFO msg="Запуск GophKeeper" db_path=gophkeeper.kdbx source="по умолчанию"
time=2025-04-19T13:15:17.864+07:00 level=INFO msg="API клиент инициализирован" baseURL=http://localhost:8080
time=2025-04-19T13:15:17.864+07:00 level=INFO msg="Эксклюзивная блокировка файла получена." lockPath=gophkeeper.kdbx.lock
time=2025-04-19T13:15:17.864+07:00 level=INFO msg="Файл KDBX найден, запуск стандартного TUI." path=gophkeeper.kdbx
time=2025-04-19T13:15:26.661+07:00 level=INFO msg="База KDBX успешно открыта" path=gophkeeper.kdbx
time=2025-04-19T13:15:26.661+07:00 level=DEBUG msg="Записи, полученные из KDBX" count=1
time=2025-04-19T13:15:26.661+07:00 level=DEBUG msg="Элементы, подготовленные для списка" count=1
time=2025-04-19T13:15:26.661+07:00 level=DEBUG msg="Элементы в списке после SetItems" count=1
time=2025-04-19T13:15:36.892+07:00 level=INFO msg="Блокировка файла снята." lockPath=gophkeeper.kdbx.lock
time=2025-04-19T13:15:38.327+07:00 level=INFO msg="Логгер инициализирован" path=logs/client.log
time=2025-04-19T13:15:38.327+07:00 level=INFO msg="Запуск GophKeeper" db_path=gophkeeper.kdbx source="по умолчанию"
time=2025-04-19T13:15:38.329+07:00 level=INFO msg="API клиент инициализирован" baseURL=http://localhost:8080
time=2025-04-19T13:15:38.329+07:00 level=INFO msg="Эксклюзивная блокировка файла получена." lockPath=gophkeeper.kdbx.lock
time=2025-04-19T13:15:38.329+07:00 level=INFO msg="Файл KDBX найден, запуск стандартного TUI." path=gophkeeper.kdbx
time=2025-04-19T13:15:50.249+07:00 level=INFO msg="База KDBX успешно открыта" path=gophkeeper.kdbx
time=2025-04-19T13:15:50.249+07:00 level=DEBUG msg="Записи, полученные из KDBX" count=1
time=2025-04-19T13:15:50.249+07:00 level=DEBUG msg="Элементы, подготовленные для списка" count=1
time=2025-04-19T13:15:50.249+07:00 level=DEBUG msg="Элементы в списке после SetItems" count=1
time=2025-04-19T13:15:52.372+07:00 level=INFO msg="Переход к деталям записи" title="Sample Entry"
time=2025-04-19T13:15:55.809+07:00 level=INFO msg="Возврат к списку записей"
time=2025-04-19T13:16:38.324+07:00 level=INFO msg="Блокировка файла снята." lockPath=gophkeeper.kdbx.lock
time=2025-04-19T13:16:39.858+07:00 level=INFO msg="Логгер инициализирован" path=logs/client.log
time=2025-04-19T13:16:39.858+07:00 level=INFO msg="Запуск GophKeeper" db_path=gophkeeper.kdbx source="по умолчанию"
time=2025-04-19T13:16:39.859+07:00 level=INFO msg="API клиент инициализирован" baseURL=http://localhost:8080
time=2025-04-19T13:16:39.859+07:00 level=INFO msg="Эксклюзивная блокировка файла получена." lockPath=gophkeeper.kdbx.lock
time=2025-04-19T13:16:39.860+07:00 level=INFO msg="Файл KDBX найден, запуск стандартного TUI." path=gophkeeper.kdbx
time=2025-04-19T13:16:56.550+07:00 level=INFO msg="База KDBX успешно открыта" path=gophkeeper.kdbx
time=2025-04-19T13:16:56.550+07:00 level=DEBUG msg="Записи, полученные из KDBX" count=1
time=2025-04-19T13:16:56.550+07:00 level=DEBUG msg="Элементы, подготовленные для списка" count=1
time=2025-04-19T13:16:56.550+07:00 level=DEBUG msg="Элементы в списке после SetItems" count=1
time=2025-04-19T13:17:09.799+07:00 level=INFO msg="Блокировка файла снята." lockPath=gophkeeper.kdbx.lock
time=2025-04-19T13:17:11.382+07:00 level=INFO msg="Логгер инициализирован" path=logs/client.log
time=2025-04-19T13:17:11.382+07:00 level=INFO msg="Запуск GophKeeper" db_path=gophkeeper.kdbx source="по умолчанию"
time=2025-04-19T13:17:11.383+07:00 level=INFO msg="API клиент инициализирован" baseURL=http://localhost:8080
time=2025-04-19T13:17:11.383+07:00 level=INFO msg="Эксклюзивная блокировка файла получена." lockPath=gophkeeper.kdbx.lock
time=2025-04-19T13:17:11.383+07:00 level=INFO msg="Файл KDBX найден, запуск стандартного TUI." path=gophkeeper.kdbx
time=2025-04-19T13:17:14.047+07:00 level=INFO msg="База KDBX успешно открыта" path=gophkeeper.kdbx
time=2025-04-19T13:17:14.047+07:00 level=DEBUG msg="Записи, полученные из KDBX" count=1
time=2025-04-19T13:17:14.047+07:00 level=DEBUG msg="Элементы, подготовленные для списка" count=1
time=2025-04-19T13:17:14.047+07:00 level=DEBUG msg="Элементы в списке после SetItems" count=1
time=2025-04-19T13:17:53.849+07:00 level=INFO msg="Блокировка файла снята." lockPath=gophkeeper.kdbx.lock
time=2025-04-19T13:17:55.100+07:00 level=INFO msg="Логгер инициализирован" path=logs/client.log
time=2025-04-19T13:17:55.100+07:00 level=INFO msg="Запуск GophKeeper" db_path=gophkeeper.kdbx source="по умолчанию"
time=2025-04-19T13:17:55.101+07:00 level=INFO msg="API клиент инициализирован" baseURL=http://localhost:8080
time=2025-04-19T13:17:55.101+07:00 level=INFO msg="Эксклюзивная блокировка файла получена." lockPath=gophkeeper.kdbx.lock
time=2025-04-19T13:17:55.101+07:00 level=INFO msg="Файл KDBX найден, запуск стандартного TUI." path=gophkeeper.kdbx
time=2025-04-19T13:17:57.014+07:00 level=INFO msg="База KDBX успешно открыта" path=gophkeeper.kdbx
time=2025-04-19T13:17:57.014+07:00 level=DEBUG msg="Записи, полученные из KDBX" count=1
time=2025-04-19T13:17:57.014+07:00 level=DEBUG msg="Элементы, подготовленные для списка" count=1
time=2025-04-19T13:17:57.014+07:00 level=DEBUG msg="Элементы в списке после SetItems" count=1
time=2025-04-19T13:19:03.595+07:00 level=INFO msg="Блокировка файла снята." lockPath=gophkeeper.kdbx.lock
time=2025-04-19T13:21:38.350+07:00 level=INFO msg="Логгер инициализирован" path=logs/client.log
time=2025-04-19T13:21:38.350+07:00 level=INFO msg="Запуск GophKeeper" db_path=gophkeeper.kdbx source="по умолчанию"
time=2025-04-19T13:21:38.351+07:00 level=INFO msg="API клиент инициализирован" baseURL=http://localhost:8080
time=2025-04-19T13:21:38.351+07:00 level=INFO msg="Эксклюзивная блокировка файла получена." lockPath=gophkeeper.kdbx.lock
time=2025-04-19T13:21:38.351+07:00 level=INFO msg="Файл KDBX найден, запуск стандартного TUI." path=gophkeeper.kdbx
time=2025-04-19T13:21:40.410+07:00 level=INFO msg="База KDBX успешно открыта" path=gophkeeper.kdbx
time=2025-04-19T13:21:40.411+07:00 level=DEBUG msg="Записи, полученные из KDBX" count=1
time=2025-04-19T13:21:40.411+07:00 level=DEBUG msg="Элементы, подготовленные для списка" count=1
time=2025-04-19T13:21:40.411+07:00 level=DEBUG msg="Элементы в списке после SetItems" count=1
time=2025-04-19T13:23:33.813+07:00 level=INFO msg="Блокировка файла снята." lockPath=gophkeeper.kdbx.lock
time=2025-04-19T13:24:43.023+07:00 level=INFO msg="Логгер инициализирован" path=logs/client.log
time=2025-04-19T13:24:43.023+07:00 level=INFO msg="Запуск GophKeeper" db_path=gophkeeper.kdbx source="по умолчанию"
time=2025-04-19T13:24:43.024+07:00 level=INFO msg="API клиент инициализирован" baseURL=http://localhost:8080
time=2025-04-19T13:24:43.024+07:00 level=INFO msg="Эксклюзивная блокировка файла получена." lockPath=gophkeeper.kdbx.lock
time=2025-04-19T13:24:43.024+07:00 level=INFO msg="Файл KDBX найден, запуск стандартного TUI." path=gophkeeper.kdbx
time=2025-04-19T13:24:45.493+07:00 level=INFO msg="База KDBX успешно открыта" path=gophkeeper.kdbx
time=2025-04-19T13:24:45.493+07:00 level=DEBUG msg="Записи, полученные из KDBX" count=1
time=2025-04-19T13:24:45.493+07:00 level=DEBUG msg="Элементы, подготовленные для списка" count=1
time=2025-04-19T13:24:45.493+07:00 level=DEBUG msg="Элементы в списке после SetItems" count=1
time=2025-04-19T13:26:20.940+07:00 level=INFO msg="Блокировка файла снята." lockPath=gophkeeper.kdbx.lock
time=2025-04-19T13:26:22.846+07:00 level=INFO msg="Логгер инициализирован" path=logs/client.log
time=2025-04-19T13:26:22.846+07:00 level=INFO msg="Запуск GophKeeper" db_path=gophkeeper.kdbx source="по умолчанию"
time=2025-04-19T13:26:22.847+07:00 level=INFO msg="API клиент инициализирован" baseURL=http://localhost:8080
time=2025-04-19T13:26:22.847+07:00 level=INFO msg="Эксклюзивная блокировка файла получена." lockPath=gophkeeper.kdbx.lock
time=2025-04-19T13:26:22.847+07:00 level=INFO msg="Файл KDBX найден, запуск стандартного TUI." path=gophkeeper.kdbx
time=2025-04-19T13:26:24.864+07:00 level=INFO msg="База KDBX успешно открыта" path=gophkeeper.kdbx
time=2025-04-19T13:26:24.864+07:00 level=DEBUG msg="Записи, полученные из KDBX" count=1
time=2025-04-19T13:26:24.864+07:00 level=DEBUG msg="Элементы, подготовленные для списка" count=1
time=2025-04-19T13:26:24.864+07:00 level=DEBUG msg="Элементы в списке после SetItems" count=1
time=2025-04-19T13:29:37.577+07:00 level=INFO msg="Блокировка файла снята." lockPath=gophkeeper.kdbx.lock
time=2025-04-19T13:29:39.321+07:00 level=INFO msg="Логгер инициализирован" path=logs/client.log
time=2025-04-19T13:29:39.321+07:00 level=INFO msg="Запуск GophKeeper" db_path=gophkeeper.kdbx source="по умолчанию"
time=2025-04-19T13:29:39.322+07:00 level=INFO msg="API клиент инициализирован" baseURL=http://localhost:8080
time=2025-04-19T13:29:39.322+07:00 level=INFO msg="Эксклюзивная блокировка файла получена." lockPath=gophkeeper.kdbx.lock
time=2025-04-19T13:29:39.322+07:00 level=INFO msg="Файл KDBX найден, запуск стандартного TUI." path=gophkeeper.kdbx
time=2025-04-19T13:29:42.888+07:00 level=INFO msg="База KDBX успешно открыта" path=gophkeeper.kdbx
time=2025-04-19T13:29:42.888+07:00 level=DEBUG msg="Записи, полученные из KDBX" count=1
time=2025-04-19T13:29:42.888+07:00 level=DEBUG msg="Элементы, подготовленные для списка" count=1
time=2025-04-19T13:29:42.888+07:00 level=DEBUG msg="Элементы в списке после SetItems" count=1
time=2025-04-19T13:30:52.124+07:00 level=INFO msg="Блокировка файла снята." lockPath=gophkeeper.kdbx.lock
time=2025-04-19T13:30:53.734+07:00 level=INFO msg="Логгер инициализирован" path=logs/client.log
time=2025-04-19T13:30:53.734+07:00 level=INFO msg="Запуск GophKeeper" db_path=gophkeeper.kdbx source="по умолчанию"
time=2025-04-19T13:30:53.736+07:00 level=INFO msg="API клиент инициализирован" baseURL=http://localhost:8080
time=2025-04-19T13:30:53.736+07:00 level=INFO msg="Эксклюзивная блокировка файла получена." lockPath=gophkeeper.kdbx.lock
time=2025-04-19T13:30:53.736+07:00 level=INFO msg="Файл KDBX найден, запуск стандартного TUI." path=gophkeeper.kdbx
time=2025-04-19T13:30:57.588+07:00 level=INFO msg="База KDBX успешно открыта" path=gophkeeper.kdbx
time=2025-04-19T13:30:57.588+07:00 level=DEBUG msg="Записи, полученные из KDBX" count=1
time=2025-04-19T13:30:57.588+07:00 level=DEBUG msg="Элементы, подготовленные для списка" count=1
time=2025-04-19T13:30:57.588+07:00 level=DEBUG msg="Элементы в списке после SetItems" count=1
time=2025-04-19T13:31:25.272+07:00 level=INFO msg="Блокировка файла снята." lockPath=gophkeeper.kdbx.lock
time=2025-04-19T13:32:57.846+07:00 level=INFO msg="Логгер инициализирован" path=logs/client.log
time=2025-04-19T13:32:57.846+07:00 level=INFO msg="Запуск GophKeeper" db_path=gophkeeper.kdbx source="по умолчанию"
time=2025-04-19T13:32:57.847+07:00 level=INFO msg="API клиент инициализирован" baseURL=http://localhost:8080
time=2025-04-19T13:32:57.847+07:00 level=INFO msg="Эксклюзивная блокировка файла получена." lockPath=gophkeeper.kdbx.lock
time=2025-04-19T13:32:57.847+07:00 level=INFO msg="Файл KDBX найден, запуск стандартного TUI." path=gophkeeper.kdbx
time=2025-04-19T13:32:59.798+07:00 level=INFO msg="База KDBX успешно открыта" path=gophkeeper.kdbx
time=2025-04-19T13:32:59.798+07:00 level=DEBUG msg="Записи, полученные из KDBX" count=1
time=2025-04-19T13:32:59.798+07:00 level=DEBUG msg="Элементы, подготовленные для списка" count=1
time=2025-04-19T13:32:59.799+07:00 level=DEBUG msg="Элементы в списке после SetItems" count=1
