github.com/maynagashev/gophkeeper/client/cmd/gophkeeper/main.go:23:				setupLogging				0.0%
github.com/maynagashev/gophkeeper/client/cmd/gophkeeper/main.go:46:				main					0.0%
github.com/maynagashev/gophkeeper/client/internal/api/client.go:46:				NewHTTPClient				100.0%
github.com/maynagashev/gophkeeper/client/internal/api/client.go:54:				Register				0.0%
github.com/maynagashev/gophkeeper/client/internal/api/client.go:96:				Login					0.0%
github.com/maynagashev/gophkeeper/client/internal/api/client.go:149:				setAuthHeader				100.0%
github.com/maynagashev/gophkeeper/client/internal/api/client.go:158:				GetVaultMetadata			86.4%
github.com/maynagashev/gophkeeper/client/internal/api/client.go:201:				UploadVault				85.7%
github.com/maynagashev/gophkeeper/client/internal/api/client.go:243:				DownloadVault				0.0%
github.com/maynagashev/gophkeeper/client/internal/api/client.go:288:				ListVersions				0.0%
github.com/maynagashev/gophkeeper/client/internal/api/client.go:338:				RollbackToVersion			0.0%
github.com/maynagashev/gophkeeper/client/internal/api/client.go:386:				SetAuthToken				100.0%
github.com/maynagashev/gophkeeper/client/internal/kdbx/auth.go:19:				setCustomDataValue			0.0%
github.com/maynagashev/gophkeeper/client/internal/kdbx/auth.go:41:				removeCustomDataValue			0.0%
github.com/maynagashev/gophkeeper/client/internal/kdbx/auth.go:59:				SaveAuthData				0.0%
github.com/maynagashev/gophkeeper/client/internal/kdbx/auth.go:88:				LoadAuthData				0.0%
github.com/maynagashev/gophkeeper/client/internal/kdbx/kdbx.go:16:				OpenFile				92.3%
github.com/maynagashev/gophkeeper/client/internal/kdbx/kdbx.go:45:				GetAllEntries				100.0%
github.com/maynagashev/gophkeeper/client/internal/kdbx/kdbx.go:55:				collectEntries				100.0%
github.com/maynagashev/gophkeeper/client/internal/kdbx/kdbx.go:66:				CreateDatabase				100.0%
github.com/maynagashev/gophkeeper/client/internal/kdbx/kdbx.go:71:				SaveFile				0.0%
github.com/maynagashev/gophkeeper/client/internal/tui/commands.go:21:				openKdbxCmd				0.0%
github.com/maynagashev/gophkeeper/client/internal/tui/commands.go:32:				saveKdbxCmd				0.0%
github.com/maynagashev/gophkeeper/client/internal/tui/commands.go:43:				clearStatusCmd				0.0%
github.com/maynagashev/gophkeeper/client/internal/tui/commands.go:59:				Error					0.0%
github.com/maynagashev/gophkeeper/client/internal/tui/commands.go:64:				makeLoginCmd				0.0%
github.com/maynagashev/gophkeeper/client/internal/tui/commands.go:84:				Error					0.0%
github.com/maynagashev/gophkeeper/client/internal/tui/commands.go:89:				makeRegisterCmd				0.0%
github.com/maynagashev/gophkeeper/client/internal/tui/commands.go:108:				Error					0.0%
github.com/maynagashev/gophkeeper/client/internal/tui/commands.go:139:				startSyncCmd				0.0%
github.com/maynagashev/gophkeeper/client/internal/tui/commands.go:177:				fetchServerMetadataCmd			0.0%
github.com/maynagashev/gophkeeper/client/internal/tui/commands.go:206:				fetchLocalMetadataCmd			0.0%
github.com/maynagashev/gophkeeper/client/internal/tui/commands.go:229:				uploadVaultCmd				0.0%
github.com/maynagashev/gophkeeper/client/internal/tui/commands.go:290:				downloadVaultCmd			0.0%
github.com/maynagashev/gophkeeper/client/internal/tui/commands.go:325:				applyUIChangesToDB			0.0%
github.com/maynagashev/gophkeeper/client/internal/tui/initialization.go:21:			initPasswordInput			0.0%
github.com/maynagashev/gophkeeper/client/internal/tui/initialization.go:32:			initEntryList				0.0%
github.com/maynagashev/gophkeeper/client/internal/tui/initialization.go:62:			initAttachmentDeleteList		0.0%
github.com/maynagashev/gophkeeper/client/internal/tui/initialization.go:73:			initAttachmentPathInput			0.0%
github.com/maynagashev/gophkeeper/client/internal/tui/initialization.go:82:			initNewKdbxPasswordInputs		0.0%
github.com/maynagashev/gophkeeper/client/internal/tui/initialization.go:99:			initSyncMenu				0.0%
github.com/maynagashev/gophkeeper/client/internal/tui/initialization.go:119:			initServerURLInput			0.0%
github.com/maynagashev/gophkeeper/client/internal/tui/initialization.go:128:			initLoginInputs				0.0%
github.com/maynagashev/gophkeeper/client/internal/tui/initialization.go:143:			initRegisterInputs			0.0%
github.com/maynagashev/gophkeeper/client/internal/tui/initialization.go:158:			initDocStyle				0.0%
github.com/maynagashev/gophkeeper/client/internal/tui/initialization.go:164:			initModel				0.0%
github.com/maynagashev/gophkeeper/client/internal/tui/input_helpers.go:15:			handleCredentialsKeys			0.0%
github.com/maynagashev/gophkeeper/client/internal/tui/input_helpers.go:60:			handleCredentialsInput			0.0%
github.com/maynagashev/gophkeeper/client/internal/tui/model.go:40:				String					0.0%
github.com/maynagashev/gophkeeper/client/internal/tui/model.go:133:				Title					0.0%
github.com/maynagashev/gophkeeper/client/internal/tui/model.go:147:				Description				0.0%
github.com/maynagashev/gophkeeper/client/internal/tui/model.go:174:				FilterValue				0.0%
github.com/maynagashev/gophkeeper/client/internal/tui/screen_add.go:15:				prepareAddScreen			0.0%
github.com/maynagashev/gophkeeper/client/internal/tui/screen_add.go:57:				createEntryFromInputs			0.0%
github.com/maynagashev/gophkeeper/client/internal/tui/screen_add.go:106:			updateEntryAddScreen			0.0%
github.com/maynagashev/gophkeeper/client/internal/tui/screen_add.go:194:			updateFocus				0.0%
github.com/maynagashev/gophkeeper/client/internal/tui/screen_add.go:207:			viewEntryAddScreen			0.0%
github.com/maynagashev/gophkeeper/client/internal/tui/screen_attachment_delete.go:11:		updateAttachmentListDeleteScreen	0.0%
github.com/maynagashev/gophkeeper/client/internal/tui/screen_attachment_delete.go:71:		performAttachmentDelete			0.0%
github.com/maynagashev/gophkeeper/client/internal/tui/screen_attachment_delete.go:109:		viewAttachmentListDeleteScreen		0.0%
github.com/maynagashev/gophkeeper/client/internal/tui/screen_attachment_input.go:15:		updateAttachmentPathInputScreen		0.0%
github.com/maynagashev/gophkeeper/client/internal/tui/screen_attachment_input.go:44:		handleAttachmentPathConfirm		0.0%
github.com/maynagashev/gophkeeper/client/internal/tui/screen_attachment_input.go:99:		viewAttachmentPathInputScreen		0.0%
github.com/maynagashev/gophkeeper/client/internal/tui/screen_credentials.go:11:			viewCredentialsScreen			0.0%
github.com/maynagashev/gophkeeper/client/internal/tui/screen_detail.go:17:			updateEntryDetailScreen			0.0%
github.com/maynagashev/gophkeeper/client/internal/tui/screen_detail.go:40:			renderStandardFields			0.0%
github.com/maynagashev/gophkeeper/client/internal/tui/screen_detail.go:69:			maskCardNumber				0.0%
github.com/maynagashev/gophkeeper/client/internal/tui/screen_detail.go:78:			renderCustomFields			0.0%
github.com/maynagashev/gophkeeper/client/internal/tui/screen_detail.go:93:			getBinariesFromDB			0.0%
github.com/maynagashev/gophkeeper/client/internal/tui/screen_detail.go:117:			renderAttachments			0.0%
github.com/maynagashev/gophkeeper/client/internal/tui/screen_detail.go:159:			viewEntryDetailScreen			0.0%
github.com/maynagashev/gophkeeper/client/internal/tui/screen_edit.go:27:			Title					0.0%
github.com/maynagashev/gophkeeper/client/internal/tui/screen_edit.go:28:			Description				0.0%
github.com/maynagashev/gophkeeper/client/internal/tui/screen_edit.go:29:			FilterValue				0.0%
github.com/maynagashev/gophkeeper/client/internal/tui/screen_edit.go:32:			prepareEditScreen			0.0%
github.com/maynagashev/gophkeeper/client/internal/tui/screen_edit.go:82:			updateEntryEditScreen			0.0%
github.com/maynagashev/gophkeeper/client/internal/tui/screen_edit.go:98:			handleEditScreenKeys			0.0%
github.com/maynagashev/gophkeeper/client/internal/tui/screen_edit.go:180:			handleAttachmentDeleteAction		0.0%
github.com/maynagashev/gophkeeper/client/internal/tui/screen_edit.go:197:			saveEntryChanges			0.0%
github.com/maynagashev/gophkeeper/client/internal/tui/screen_edit.go:232:			viewEntryEditScreen			0.0%
github.com/maynagashev/gophkeeper/client/internal/tui/screen_list.go:20:			updateEntryListScreen			0.0%
github.com/maynagashev/gophkeeper/client/internal/tui/screen_list.go:74:			handleDBOpenedMsg			0.0%
github.com/maynagashev/gophkeeper/client/internal/tui/screen_login.go:8:			updateLoginScreen			0.0%
github.com/maynagashev/gophkeeper/client/internal/tui/screen_login.go:30:			viewLoginScreen				0.0%
github.com/maynagashev/gophkeeper/client/internal/tui/screen_login_register_choice.go:12:	updateLoginRegisterChoiceScreen		0.0%
github.com/maynagashev/gophkeeper/client/internal/tui/screen_login_register_choice.go:35:	viewLoginRegisterChoiceScreen		0.0%
github.com/maynagashev/gophkeeper/client/internal/tui/screen_new_kdbx.go:25:			updateNewKdbxPasswordScreen		0.0%
github.com/maynagashev/gophkeeper/client/internal/tui/screen_new_kdbx.go:180:			viewNewKdbxPasswordScreen		0.0%
github.com/maynagashev/gophkeeper/client/internal/tui/screen_password.go:12:			updatePasswordInputScreen		0.0%
github.com/maynagashev/gophkeeper/client/internal/tui/screen_password.go:41:			viewPasswordInputScreen			0.0%
github.com/maynagashev/gophkeeper/client/internal/tui/screen_password.go:53:			handleErrorMsg				0.0%
github.com/maynagashev/gophkeeper/client/internal/tui/screen_register.go:8:			updateRegisterScreen			0.0%
github.com/maynagashev/gophkeeper/client/internal/tui/screen_register.go:29:			viewRegisterScreen			0.0%
github.com/maynagashev/gophkeeper/client/internal/tui/screen_server_url.go:11:			updateServerURLInputScreen		0.0%
github.com/maynagashev/gophkeeper/client/internal/tui/screen_sync.go:19:			Title					0.0%
github.com/maynagashev/gophkeeper/client/internal/tui/screen_sync.go:20:			Description				0.0%
github.com/maynagashev/gophkeeper/client/internal/tui/screen_sync.go:21:			FilterValue				0.0%
github.com/maynagashev/gophkeeper/client/internal/tui/screen_sync.go:26:			viewSyncServerScreen			0.0%
github.com/maynagashev/gophkeeper/client/internal/tui/screen_sync.go:47:			updateSyncServerScreen			0.0%
github.com/maynagashev/gophkeeper/client/internal/tui/screen_welcome.go:9:			updateWelcomeScreen			0.0%
github.com/maynagashev/gophkeeper/client/internal/tui/screen_welcome.go:25:			viewWelcomeScreen			0.0%
github.com/maynagashev/gophkeeper/client/internal/tui/tui.go:26:				Init					0.0%
github.com/maynagashev/gophkeeper/client/internal/tui/tui.go:31:				setStatusMessage			0.0%
github.com/maynagashev/gophkeeper/client/internal/tui/tui.go:49:				View					0.0%
github.com/maynagashev/gophkeeper/client/internal/tui/tui.go:138:				Start					0.0%
github.com/maynagashev/gophkeeper/client/internal/tui/tui.go:216:				viewServerURLInputScreen		0.0%
github.com/maynagashev/gophkeeper/client/internal/tui/update.go:14:				handleWindowSizeMsg			0.0%
github.com/maynagashev/gophkeeper/client/internal/tui/update.go:38:				handleDBMsg				0.0%
github.com/maynagashev/gophkeeper/client/internal/tui/update.go:80:				handleDBOpenedMsg			0.0%
github.com/maynagashev/gophkeeper/client/internal/tui/update.go:84:				handleErrorMsg				0.0%
github.com/maynagashev/gophkeeper/client/internal/tui/update.go:88:				handleDBSavedMsg			0.0%
github.com/maynagashev/gophkeeper/client/internal/tui/update.go:92:				handleDBSaveErrorMsg			0.0%
github.com/maynagashev/gophkeeper/client/internal/tui/update.go:96:				handleClearStatusMsg			0.0%
github.com/maynagashev/gophkeeper/client/internal/tui/update.go:102:				handleSyncErrorMsg			0.0%
github.com/maynagashev/gophkeeper/client/internal/tui/update.go:107:				handleSyncStartedMsg			0.0%
github.com/maynagashev/gophkeeper/client/internal/tui/update.go:116:				handleServerMetadataMsg			0.0%
github.com/maynagashev/gophkeeper/client/internal/tui/update.go:131:				handleLocalMetadataMsg			0.0%
github.com/maynagashev/gophkeeper/client/internal/tui/update.go:146:				handleSyncUploadSuccessMsg		0.0%
github.com/maynagashev/gophkeeper/client/internal/tui/update.go:151:				handleSyncDownloadSuccessMsg		0.0%
github.com/maynagashev/gophkeeper/client/internal/tui/update.go:161:				processMetadataResults			0.0%
github.com/maynagashev/gophkeeper/client/internal/tui/update.go:234:				handleAPIMsg				0.0%
github.com/maynagashev/gophkeeper/client/internal/tui/update.go:303:				handleGlobalKeys			0.0%
github.com/maynagashev/gophkeeper/client/internal/tui/update.go:350:				Update					0.0%
github.com/maynagashev/gophkeeper/client/internal/tui/utils.go:8:				deepCopyEntry				0.0%
github.com/maynagashev/gophkeeper/client/internal/tui/utils.go:45:				findEntryInDB				0.0%
github.com/maynagashev/gophkeeper/client/internal/tui/utils.go:53:				findEntryInGroups			0.0%
total:												(statements)				3.9%
