[?25l[?1049h[2J[H[?25l[?2004h[H                                    
  Добро пожаловать в GophKeeper!    
                                    
  Нажмите Enter для продолжения...  
                                    
(Enter - продолжить, Ctrl+C/q - выход)[6;H[2J[H[H                                              
  Введите мастер-пароль для gophkeeper.kdbx:  
  > Мастер-пароль                             
                                              
                                              
                                              
(Enter - подтвердить, Ctrl+C - выход)[7;H[H

  > *                                         



[7;H[H

  > **                                        



[7;H[H

  > ***                                       



[7;H[2J[H[H                                        
     Записи в 'gophkeeper.kdbx' (1)     
                                        
    1 item                              
                                        
  │ Sample Entry                        
  │                                     
                                        
                                        
                                        
                                        
                                        
                                        
                                        
                                        
                                        
                                        
                                        
                                        
                                        
                                        
                                        
                                        
                                        
                                        
                                        
(↑/↓, Enter - детали, / - поиск, a - доб, s - синхр, l - логин, Ctrl+S - сохр, q - вых)[27;H[H                                          
  Настройка сервера                       
                                          
  Сервер настроен: http://localhost:8080  
                                          
  Выберите действие:                      
  (Р)егистрация нового пользователя       
  (В)ход с существующими данными          
                                          
  Нажмите Esc для возврата                
                                          
(R - регистрация, L - вход, Esc/b - назад)[J[12;H[H                                                   
  Регистрация новой учетной записи                 
                                                   
  > Имя пользователя                               
  > Пароль                                         
                                                   
  Нажмите Enter для регистрации, Esc для возврата  
                                                   
                                                   
(Tab - след. поле, Enter - зарегистрироваться, Esc - назад)[J[10;H[H


  > t                                              





[10;H[H


  > te                                             





[10;H[H


  > tes                                            





[10;H[H


  > test                                           





[10;H[H                                                                         
  Регистрация новой учетной записи                                       
                                                                         
  > test                                                                 
  > Пароль                                                               
                                                                         
  Нажмите Enter для регистрации, Esc для возврата                        
  Ошибка: ошибка регистрации: ошибка регистрации на сервере: статус 400  
                                                                         
                                                                         
(Tab - след. поле, Enter - зарегистрироваться, Esc - назад)
Ошибка регистрации[12;H[H


  > testt                                                                







[12;H[H


  > testte                                                               







[12;H[H


  > testtes                                                              







[12;H[H


  > testtest                                                             







[12;H[H


  > testtes                                                              







[12;H[H


  > testte                                                               







[12;H[H


  > testt                                                                







[12;H[H


  > test                                                                 







[12;H[H









[J[11;H[H



  > *                                                                    





[11;H[H



  > **                                                                   





[11;H[H



  > ***                                                                  





[11;H[H



  > ****                                                                 





[11;H[H










Выполняется регистрация...[12;H[H                                             
  Вход в учетную запись                      
                                             
  > Имя пользователя                         
  > Пароль                                   
                                             
  Нажмите Enter для входа, Esc для возврата  
                                             
                                             
(Tab - след. поле, Enter - войти, Esc - назад)
Регистрация успешна! Теперь войдите.[J[11;H[H








[J[10;H[H


  > t                                        





[10;H[H


  > te                                       





[10;H[H


  > tes                                      





[10;H[H


  > test                                     





[10;H[H                                                             
  Вход в учетную запись                                      
                                                             
  > test                                                     
  > Пароль                                                   
                                                             
  Нажмите Enter для входа, Esc для возврата                  
  Ошибка: ошибка входа: ошибка входа на сервере: статус 400  
                                                             
                                                             
(Tab - след. поле, Enter - войти, Esc - назад)
Ошибка входа[12;H[H









[J[11;H[H



  > *                                                        





[11;H[H



  > **                                                       





[11;H[H



  > ***                                                      





[11;H[H



  > ****                                                     





[11;H[H










Выполняется вход...[12;H[H                                        
     Записи в 'gophkeeper.kdbx' (1)     
                                        
    1 item                              
                                        
  │ Sample Entry                        
  │                                     
                                        
                                        
                                        
                                        
                                        
                                        
                                        
                                        
                                        
                                        
                                        
                                        
                                        
                                        
                                        
                                        
                                        
                                        
                                        
(↑/↓, Enter - детали, / - поиск, a - доб, s - синхр, l - логин, Ctrl+S - сохр, q - вых)
Вход выполнен успешно![28;H[H

























[J[27;H[H                                          
  Настройка сервера                       
                                          
  Сервер настроен: http://localhost:8080  
                                          
  Выберите действие:                      
  (Р)егистрация нового пользователя       
  (В)ход с существующими данными          
                                          
  Нажмите Esc для возврата                
                                          
(R - регистрация, L - вход, Esc/b - назад)[J[12;H[H                                        
     Записи в 'gophkeeper.kdbx' (1)     
                                        
    1 item                              
                                        
  │ Sample Entry                        
  │                                     
                                        
                                        
                                        
                                        
                                        
                                        
                                        
                                        
                                        
                                        
                                        
                                        
                                        
                                        
                                        
                                        
                                        
                                        
                                        
(↑/↓, Enter - детали, / - поиск, a - доб, s - синхр, l - логин, Ctrl+S - сохр, q - вых)[27;H